GROUP,PACKAGE,CLASS,INSTRUCTION_MISSED,INSTRUCTION_COVERED,BRANCH_MISSED,BRANCH_COVERED,LINE_MISSED,LINE_COVERED,COMPLEXITY_MISSED,COMPLEXITY_COVERED,METHOD_MISSED,METHOD_COVERED
pos-spring,com.increff.pos.dao,AbstractDao,3,16,0,0,1,3,1,3,1,3
pos-spring,com.increff.pos.dao,ProductDao,58,12,0,0,12,5,5,2,5,2
pos-spring,com.increff.pos.dao,SchedulerDao,31,8,0,0,7,3,3,2,3,2
pos-spring,com.increff.pos.dao,BrandDao,1,59,0,0,1,14,1,6,1,6
pos-spring,com.increff.pos.dao,InventoryDao,31,9,0,0,6,3,3,1,3,1
pos-spring,com.increff.pos.dao,UserDao,59,12,0,0,14,5,6,2,6,2
pos-spring,com.increff.pos.dao,OrderItemDao,60,12,0,0,11,4,4,1,4,1
pos-spring,com.increff.pos.dao,OrderDao,48,10,0,0,11,4,4,2,4,2
pos-spring,com.increff.pos.dto,UserDto,101,3,8,0,22,1,7,1,3,1
pos-spring,com.increff.pos.dto,BrandDto,0,86,0,2,0,19,0,6,0,5
pos-spring,com.increff.pos.dto,ProductDto,136,3,2,0,27,1,5,1,4,1
pos-spring,com.increff.pos.dto,ReportsDto,267,3,14,0,55,1,13,1,6,1
pos-spring,com.increff.pos.dto,OrderDto,275,6,6,0,64,2,11,1,8,1
pos-spring,com.increff.pos.dto,InventoryDto,120,3,6,0,27,1,7,1,4,1
pos-spring,com.increff.pos.service,OrderItemService,166,3,16,0,36,1,13,1,5,1
pos-spring,com.increff.pos.service,ApiException,0,4,0,0,0,2,0,1,0,1
pos-spring,com.increff.pos.service,SchedulerService,65,3,4,0,16,1,6,1,4,1
pos-spring,com.increff.pos.service,BrandService,36,95,8,10,6,23,7,8,0,6
pos-spring,com.increff.pos.service,ProductService,158,3,22,0,36,1,17,1,6,1
pos-spring,com.increff.pos.service,InventoryService,49,3,4,0,13,1,6,1,4,1
pos-spring,com.increff.pos.service,UserService,55,3,10,0,13,1,9,1,4,1
pos-spring,com.increff.pos.service,OrderService,36,3,2,0,9,1,6,1,5,1
pos-spring,com.increff.pos.model,OrderItemData,31,0,0,0,6,0,9,0,9,0
pos-spring,com.increff.pos.model,MessageData,10,0,0,0,3,0,3,0,3,0
pos-spring,com.increff.pos.model,InventoryData,10,0,0,0,3,0,3,0,3,0
pos-spring,com.increff.pos.model,InfoData,33,0,0,0,9,0,7,0,7,0
pos-spring,com.increff.pos.model,OrderItem,38,0,0,0,7,0,11,0,11,0
pos-spring,com.increff.pos.model,InventoryForm,17,0,0,0,4,0,5,0,5,0
pos-spring,com.increff.pos.model,ReportsForm,17,0,0,0,4,0,5,0,5,0
pos-spring,com.increff.pos.model,ProductForm,38,0,0,0,7,0,11,0,11,0
pos-spring,com.increff.pos.model,ProductData,10,0,0,0,3,0,3,0,3,0
pos-spring,com.increff.pos.model,ReportsData,31,0,0,0,6,0,9,0,9,0
pos-spring,com.increff.pos.model,AboutAppData,17,0,0,0,4,0,5,0,5,0
pos-spring,com.increff.pos.model,OrderData,17,0,0,0,4,0,5,0,5,0
pos-spring,com.increff.pos.model,BrandForm,0,17,0,0,0,4,0,5,0,5
pos-spring,com.increff.pos.model,OrderItemForm,24,0,0,0,5,0,7,0,7,0
pos-spring,com.increff.pos.model,InvoiceForm,31,0,0,0,6,0,9,0,9,0
pos-spring,com.increff.pos.model,LoginForm,17,0,0,0,4,0,5,0,5,0
pos-spring,com.increff.pos.model,BrandData,3,7,0,0,1,2,1,2,1,2
pos-spring,com.increff.pos.model,UserData,24,0,0,0,5,0,7,0,7,0
pos-spring,com.increff.pos.scheduler,SalesScheduler,99,3,4,0,25,1,3,1,1,1
pos-spring,com.increff.pos.controller,SiteUiController,24,3,0,0,6,1,6,1,6,1
pos-spring,com.increff.pos.controller,SampleController,43,3,0,0,11,1,1,1,1,1
pos-spring,com.increff.pos.controller,ReportsApiController,22,3,0,0,6,1,5,1,5,1
pos-spring,com.increff.pos.controller,AppUiController,40,3,0,0,10,1,10,1,10,1
pos-spring,com.increff.pos.controller,InventoryApiController,20,3,0,0,6,1,4,1,4,1
pos-spring,com.increff.pos.controller,AbstractUiController,30,3,2,0,6,1,2,1,1,1
pos-spring,com.increff.pos.controller,OrderApiController,24,3,0,0,6,1,5,1,5,1
pos-spring,com.increff.pos.controller,AppRestControllerAdvice,27,3,0,0,6,1,2,1,2,1
pos-spring,com.increff.pos.controller,ProductApiController,20,3,0,0,6,1,4,1,4,1
pos-spring,com.increff.pos.controller,BrandApiController,20,3,0,0,6,1,4,1,4,1
pos-spring,com.increff.pos.controller,LoginController,18,3,0,0,3,1,3,1,3,1
pos-spring,com.increff.pos.util,StringUtil,13,8,4,2,2,1,5,1,2,1
pos-spring,com.increff.pos.util,NormalizeUtil,33,16,0,0,8,4,3,2,3,2
pos-spring,com.increff.pos.util,IOUtil,11,0,2,0,7,0,3,0,2,0
pos-spring,com.increff.pos.util,ConverterUtil,173,35,6,0,43,10,9,3,6,3
pos-spring,com.increff.pos.util,CookieUtil,36,0,6,0,8,0,5,0,2,0
pos-spring,com.increff.pos.util,ValidateUtil,4,45,1,3,2,10,2,3,1,2
pos-spring,com.increff.pos.util,SecurityUtil,27,0,2,0,9,0,6,0,5,0
pos-spring,com.increff.pos.util,UserPrincipal,17,0,0,0,7,0,5,0,5,0
pos-spring,com.increff.pos.pojo,ProductPojo,35,3,0,0,6,1,10,1,10,1
pos-spring,com.increff.pos.pojo,SchedulerPojo,35,3,0,0,6,1,10,1,10,1
pos-spring,com.increff.pos.pojo,InventoryPojo,17,0,0,0,4,0,5,0,5,0
pos-spring,com.increff.pos.pojo,OrderItemPojo,35,3,0,0,6,1,10,1,10,1
pos-spring,com.increff.pos.pojo,BrandPojo,4,20,0,0,0,5,1,6,1,6
pos-spring,com.increff.pos.pojo,UserPojo,28,3,0,0,5,1,8,1,8,1
pos-spring,com.increff.pos.pojo,OrderPojo,14,3,0,0,3,1,4,1,4,1
pos-spring,com.increff.pos.spring,SecurityConfig,0,154,0,0,0,16,0,4,0,4
pos-spring,com.increff.pos.spring,SpringSecurityInitializer,3,0,0,0,1,0,1,0,1,0
pos-spring,com.increff.pos.spring,DbConfig,0,108,0,0,0,28,0,4,0,4
pos-spring,com.increff.pos.spring,ControllerConfig,4,142,0,0,2,30,1,8,1,8
pos-spring,com.increff.pos.spring,WebInitializer,20,0,0,0,4,0,4,0,4,0
pos-spring,com.increff.pos.spring,SpringConfig,3,0,0,0,1,0,1,0,1,0
